Could not read data file
bg: Exporting image
panel2: Exporting image
cmore: Exporting image
panel3: Exporting image
rsm: Exporting image
panel1: Exporting image
magicline: Exporting image
Resume: Exporting image
Network: Exporting image
Experience: Exporting image
Qualification: Exporting image
Overview: Exporting image
Team Feedback: Exporting image
leftpanel: Exporting image
lastpanel: Exporting image
footer: Exporting image
teamfb: Exporting image
missing: Exporting image
Compare: Exporting image
Reject: Exporting image
makeoffer: Exporting image
header: Exporting image
New: Exporting image
Interviewingd: Exporting image
Interviewed: Exporting image
On Hold: Exporting image
Made Offer: Exporting image
Accepted: Exporting image
Rejected: Exporting image
29 views changed
Success: /var/folders/f5/m9xbw0z95v79d0l5zt95dzn5rpj7ng/T/EA1CFB8E-734F-42FC-8527-7DBA12F76BA2-47779-00009E2058B4CB47/20_CandidateMasterDetail_Interviewed_psd
