Could not read data file
bg: Exporting image
body: Exporting image
panel1: Exporting image
magicline: Exporting image
Resume: Exporting image
Network: Exporting image
Experience: Exporting image
Qualification: Exporting image
Overview: Exporting image
Team Feedback: Exporting image
leftpanel: Exporting image
uc0: Exporting image
c0: Exporting image
uc1: Exporting image
c1: Exporting image
uc2: Exporting image
c2: Exporting image
uc3: Exporting image
c3: Exporting image
uc4: Exporting image
c4: Exporting image
uc5: Exporting image
c5: Exporting image
uc6: Exporting image
c6: Exporting image
uc8: Exporting image
c8: Exporting image
footer: Exporting image
header: Exporting image
29 views changed
Success: /var/folders/40/yzpysrcn6lbgnkyfdzgxtlywh3vyvv/T/AA36B134-F516-40EC-B689-8429C8C01A65-1239-0000024D153EB244/CandidateMasterDetail_Interviewed
